<?xml version="1.0" encoding="UTF-8"?>
<!-- Generated by org.testng.reporters.JUnitReportReporter -->
<testsuite hostname="LAPTOP-PGTHEJF8" failures="0" tests="1" name="MyTestPackage.LaunchBrowser" time="6.284" errors="0" timestamp="2023-08-29T18:54:47 IST" skipped="0">
  <testcase classname="MyTestPackage.LaunchBrowser" name="test" time="6.284"/>
</testsuite> <!-- MyTestPackage.LaunchBrowser -->
